kotlin version: 2.1.21
error message: org.jetbrains.kotlin.backend.common.BackendException: Backend Internal error: Exception during IR lowering
File being compiled: /home/alchevrier/Repositories/autumn/autumn-sandbox/src/main/kotlin/dev/autumn/sandbox/PipelineCases.kt
The root cause java.lang.RuntimeException was thrown at: org.jetbrains.kotlin.backend.jvm.codegen.FunctionCodegen.generate(FunctionCodegen.kt:48)
	at org.jetbrains.kotlin.backend.common.CodegenUtil.reportBackendException(CodegenUtil.kt:107)
	at org.jetbrains.kotlin.backend.common.CodegenUtil.reportBackendException$default(CodegenUtil.kt:90)
	at org.jetbrains.kotlin.backend.common.phaser.PerformByIrFilePhase.invokeSequential(performByIrFile.kt:54)
	at org.jetbrains.kotlin.backend.common.phaser.PerformByIrFilePhase.invoke(performByIrFile.kt:41)
	at org.jetbrains.kotlin.backend.common.phaser.PerformByIrFilePhase.invoke(performByIrFile.kt:27)
	at org.jetbrains.kotlin.config.phaser.CompilerPhaseKt.invokeToplevel(CompilerPhase.kt:62)
	at org.jetbrains.kotlin.backend.jvm.JvmIrCodegenFactory.invokeCodegen(JvmIrCodegenFactory.kt:371)
	at org.jetbrains.kotlin.cli.jvm.compiler.KotlinToJVMBytecodeCompiler.runCodegen$cli(KotlinToJVMBytecodeCompiler.kt:413)
	at org.jetbrains.kotlin.cli.pipeline.jvm.JvmBackendPipelinePhase.executePhase(JvmBackendPipelinePhase.kt:98)
	at org.jetbrains.kotlin.cli.pipeline.jvm.JvmBackendPipelinePhase.executePhase(JvmBackendPipelinePhase.kt:30)
	at org.jetbrains.kotlin.cli.pipeline.PipelinePhase.phaseBody(PipelinePhase.kt:68)
	at org.jetbrains.kotlin.cli.pipeline.PipelinePhase.phaseBody(PipelinePhase.kt:58)
	at org.jetbrains.kotlin.config.phaser.SimpleNamedCompilerPhase.phaseBody(CompilerPhase.kt:215)
	at org.jetbrains.kotlin.config.phaser.NamedCompilerPhase.invoke(CompilerPhase.kt:111)
	at org.jetbrains.kotlin.backend.common.phaser.CompositePhase.invoke(PhaseBuilders.kt:28)
	at org.jetbrains.kotlin.config.phaser.CompilerPhaseKt.invokeToplevel(CompilerPhase.kt:62)
	at org.jetbrains.kotlin.cli.pipeline.AbstractCliPipeline.runPhasedPipeline(AbstractCliPipeline.kt:106)
	at org.jetbrains.kotlin.cli.pipeline.AbstractCliPipeline.execute(AbstractCliPipeline.kt:65)
	at org.jetbrains.kotlin.cli.jvm.K2JVMCompiler.doExecutePhased(K2JVMCompiler.kt:61)
	at org.jetbrains.kotlin.cli.jvm.K2JVMCompiler.doExecutePhased(K2JVMCompiler.kt:36)
	at org.jetbrains.kotlin.cli.common.CLICompiler.execImpl(CLICompiler.kt:80)
	at org.jetbrains.kotlin.cli.common.CLICompiler.exec(CLICompiler.kt:337)
	at org.jetbrains.kotlin.incremental.IncrementalJvmCompilerRunner.runCompiler(IncrementalJvmCompilerRunner.kt:466)
	at org.jetbrains.kotlin.incremental.IncrementalJvmCompilerRunner.runCompiler(IncrementalJvmCompilerRunner.kt:75)
	at org.jetbrains.kotlin.incremental.IncrementalCompilerRunner.doCompile(IncrementalCompilerRunner.kt:514)
	at org.jetbrains.kotlin.incremental.IncrementalCompilerRunner.compileImpl(IncrementalCompilerRunner.kt:431)
	at org.jetbrains.kotlin.incremental.IncrementalCompilerRunner.compileNonIncrementally(IncrementalCompilerRunner.kt:310)
	at org.jetbrains.kotlin.incremental.IncrementalCompilerRunner.compile(IncrementalCompilerRunner.kt:137)
	at org.jetbrains.kotlin.daemon.CompileServiceImplBase.execIncrementalCompiler(CompileServiceImpl.kt:678)
	at org.jetbrains.kotlin.daemon.CompileServiceImplBase.access$execIncrementalCompiler(CompileServiceImpl.kt:92)
	at org.jetbrains.kotlin.daemon.CompileServiceImpl.compile(CompileServiceImpl.kt:1805)
	at java.base/jdk.internal.reflect.DirectMethodHandleAccessor.invoke(DirectMethodHandleAccessor.java:104)
	at java.base/java.lang.reflect.Method.invoke(Method.java:565)
	at java.rmi/sun.rmi.server.UnicastServerRef.dispatch(UnicastServerRef.java:351)
	at java.rmi/sun.rmi.transport.Transport.serviceCall(Transport.java:166)
	at java.rmi/sun.rmi.transport.tcp.TCPTransport.handleMessages(TCPTransport.java:543)
	at java.rmi/sun.rmi.transport.tcp.TCPTransport$ConnectionHandler.run0(TCPTransport.java:744)
	at java.rmi/sun.rmi.transport.tcp.TCPTransport$ConnectionHandler.run(TCPTransport.java:623)
	at java.base/java.util.concurrent.ThreadPoolExecutor.runWorker(ThreadPoolExecutor.java:1090)
	at java.base/java.util.concurrent.ThreadPoolExecutor$Worker.run(ThreadPoolExecutor.java:614)
	at java.base/java.lang.Thread.run(Thread.java:1516)
Caused by: java.lang.RuntimeException: Exception while generating code for:
FUN name:processMarketData visibility:public modality:FINAL <> ($this:dev.autumn.sandbox.HighFrequencyTradingNode) returnType:kotlin.Unit
  annotations:
    HotPath
    ThreadCacheBudget(bytes = 32768)
  $this: VALUE_PARAMETER name:<this> type:dev.autumn.sandbox.HighFrequencyTradingNode
  BLOCK_BODY
    VAR name:idx type:kotlin.Int [val]
      CALL 'public final fun offer (): kotlin.Int declared in dev.autumn.channel.SPSCRingBuffer' type=kotlin.Int origin=null
        $this: CALL 'public final fun <get-buffer> (): dev.autumn.channel.SPSCRingBuffer declared in dev.autumn.channel.AutumnChannel' type=dev.autumn.channel.SPSCRingBuffer origin=GET_PROPERTY
          $this: GET_FIELD 'FIELD PROPERTY_BACKING_FIELD name:auditLogQueue type:dev.autumn.channel.AutumnChannel<dev.autumn.sandbox.OrderEvent> visibility:private [final]' type=dev.autumn.channel.AutumnChannel<dev.autumn.sandbox.OrderEvent> origin=null
            receiver: GET_VAR '<this>: dev.autumn.sandbox.HighFrequencyTradingNode declared in dev.autumn.sandbox.HighFrequencyTradingNode.processMarketData' type=dev.autumn.sandbox.HighFrequencyTradingNode origin=null
    WHEN type=kotlin.Unit origin=IF
      BRANCH
        if: CALL 'public final fun EQEQ (arg0: kotlin.Any?, arg1: kotlin.Any?): kotlin.Boolean declared in kotlin.internal.ir' type=kotlin.Boolean origin=EQEQ
          arg0: GET_VAR 'val idx: kotlin.Int [val] declared in dev.autumn.sandbox.HighFrequencyTradingNode.processMarketData' type=kotlin.Int origin=null
          arg1: CONST Int type=kotlin.Int value=-1
        then: RETURN type=kotlin.Nothing from='public final fun processMarketData (): kotlin.Unit declared in dev.autumn.sandbox.HighFrequencyTradingNode'
          GET_FIELD 'FIELD FIELD_FOR_OBJECT_INSTANCE name:INSTANCE type:kotlin.Unit visibility:public [final,static] declared in kotlin.Unit' type=kotlin.Unit origin=null
    VAR name:order type:dev.autumn.sandbox.OrderEventFlyweight [val]
      CALL 'public open fun constructor-impl (index: kotlin.Int): dev.autumn.sandbox.OrderEventFlyweight declared in dev.autumn.sandbox.OrderEventFlyweight' type=dev.autumn.sandbox.OrderEventFlyweight origin=null
        index: GET_VAR 'val idx: kotlin.Int [val] declared in dev.autumn.sandbox.HighFrequencyTradingNode.processMarketData' type=kotlin.Int origin=null
    CALL 'public final fun set (index: kotlin.Int, value: kotlin.Int): kotlin.Unit [operator] declared in kotlin.IntArray' type=kotlin.Unit origin=null
      index: CONST Int type=kotlin.Int value=0
      value: CONST Int type=kotlin.Int value=100
    CALL 'public final fun set (index: kotlin.Int, value: kotlin.Int): kotlin.Unit [operator] declared in kotlin.IntArray' type=kotlin.Unit origin=null
      index: CONST Int type=kotlin.Int value=0
      value: CONST Byte type=kotlin.Byte value=1
    WHEN type=kotlin.Unit origin=IF
      BRANCH
        if: CALL 'public final fun greater (arg0: kotlin.Int, arg1: kotlin.Int): kotlin.Boolean declared in kotlin.internal.ir' type=kotlin.Boolean origin=GT
          arg0: CALL 'public final fun get (index: kotlin.Int): kotlin.Int [operator] declared in kotlin.IntArray' type=kotlin.Int origin=null
            index: CONST Int type=kotlin.Int value=0
          arg1: CONST Int type=kotlin.Int value=50
        then: BLOCK type=kotlin.Unit origin=null
          VAR name:tick type:kotlin.Any? [val]
            GET_FIELD 'FIELD PROPERTY_BACKING_FIELD name:coreToCoreQueue type:kotlin.Any? visibility:private [final]' type=kotlin.Any? origin=null
              receiver: GET_VAR '<this>: dev.autumn.sandbox.HighFrequencyTradingNode declared in dev.autumn.sandbox.HighFrequencyTradingNode.processMarketData' type=dev.autumn.sandbox.HighFrequencyTradingNode origin=null
    CALL 'public final fun commitOffer (): kotlin.Unit declared in dev.autumn.channel.SPSCRingBuffer' type=kotlin.Unit origin=null
      $this: CALL 'public final fun <get-buffer> (): dev.autumn.channel.SPSCRingBuffer declared in dev.autumn.channel.AutumnChannel' type=dev.autumn.channel.SPSCRingBuffer origin=GET_PROPERTY
        $this: GET_FIELD 'FIELD PROPERTY_BACKING_FIELD name:auditLogQueue type:dev.autumn.channel.AutumnChannel<dev.autumn.sandbox.OrderEvent> visibility:private [final]' type=dev.autumn.channel.AutumnChannel<dev.autumn.sandbox.OrderEvent> origin=null
          receiver: GET_VAR '<this>: dev.autumn.sandbox.HighFrequencyTradingNode declared in dev.autumn.sandbox.HighFrequencyTradingNode.processMarketData' type=dev.autumn.sandbox.HighFrequencyTradingNode origin=null

	at org.jetbrains.kotlin.backend.jvm.codegen.FunctionCodegen.generate(FunctionCodegen.kt:48)
	at org.jetbrains.kotlin.backend.jvm.codegen.FunctionCodegen.generate$default(FunctionCodegen.kt:41)
	at org.jetbrains.kotlin.backend.jvm.codegen.ClassCodegen.generateMethodNode(ClassCodegen.kt:405)
	at org.jetbrains.kotlin.backend.jvm.codegen.ClassCodegen.generateMethod(ClassCodegen.kt:422)
	at org.jetbrains.kotlin.backend.jvm.codegen.ClassCodegen.generate(ClassCodegen.kt:167)
	at org.jetbrains.kotlin.backend.jvm.JvmIrCodegenFactory.generateFile$lambda$18(JvmIrCodegenFactory.kt:398)
	at org.jetbrains.kotlin.backend.common.phaser.PhaseBuildersKt$createSimpleNamedCompilerPhase$1.phaseBody(PhaseBuilders.kt:68)
	at org.jetbrains.kotlin.config.phaser.SimpleNamedCompilerPhase.phaseBody(CompilerPhase.kt:215)
	at org.jetbrains.kotlin.config.phaser.NamedCompilerPhase.invoke(CompilerPhase.kt:111)
	at org.jetbrains.kotlin.backend.common.phaser.PerformByIrFilePhase.invokeSequential(performByIrFile.kt:51)
	... 38 more
Caused by: java.lang.NullPointerException
	at org.jetbrains.kotlin.backend.jvm.intrinsics.ArraySet.invoke(ArraySet.kt:27)
	at org.jetbrains.kotlin.backend.jvm.codegen.ExpressionCodegen.visitCall(ExpressionCodegen.kt:541)
	at org.jetbrains.kotlin.backend.jvm.codegen.ExpressionCodegen.visitCall(ExpressionCodegen.kt:135)
	at org.jetbrains.kotlin.ir.expressions.IrCall.accept(IrCall.kt:24)
	at org.jetbrains.kotlin.backend.jvm.codegen.ExpressionCodegen.visitStatementContainer(ExpressionCodegen.kt:520)
	at org.jetbrains.kotlin.backend.jvm.codegen.ExpressionCodegen.visitBlockBody(ExpressionCodegen.kt:525)
	at org.jetbrains.kotlin.backend.jvm.codegen.ExpressionCodegen.visitBlockBody(ExpressionCodegen.kt:135)
	at org.jetbrains.kotlin.ir.expressions.IrBlockBody.accept(IrBlockBody.kt:20)
	at org.jetbrains.kotlin.backend.jvm.codegen.ExpressionCodegen.generate(ExpressionCodegen.kt:237)
	at org.jetbrains.kotlin.backend.jvm.codegen.FunctionCodegen.doGenerate(FunctionCodegen.kt:124)
	at org.jetbrains.kotlin.backend.jvm.codegen.FunctionCodegen.generate(FunctionCodegen.kt:45)
	... 47 more


